<?xml version="1.0" encoding="utf-8"?><testsuites name="pytest tests"><testsuite name="pytest" errors="0" failures="0" skipped="0" tests="24" time="2.674" timestamp="2026-03-06T16:10:19.258080+00:00" hostname="agent-env-687f2915-8799-4622-ba3d-81e326b2a189"><testcase classname="backend.tests.test_subscription_admin.TestSubscriptionPlans" name="test_get_subscription_plans_returns_3_plans" time="0.164" /><testcase classname="backend.tests.test_subscription_admin.TestSubscriptionPlans" name="test_free_plan_has_correct_structure" time="0.067" /><testcase classname="backend.tests.test_subscription_admin.TestSubscriptionPlans" name="test_pro_plan_has_correct_structure" time="0.035" /><testcase classname="backend.tests.test_subscription_admin.TestSubscriptionPlans" name="test_enterprise_plan_has_unlimited_features" time="0.052" /><testcase classname="backend.tests.test_subscription_admin.TestUserSubscription" name="test_get_user_subscription" time="0.422" /><testcase classname="backend.tests.test_subscription_admin.TestUserSubscription" name="test_super_admin_subscription" time="0.384" /><testcase classname="backend.tests.test_subscription_admin.TestUserUsage" name="test_get_user_usage" time="0.078" /><testcase classname="backend.tests.test_subscription_admin.TestUserUsage" name="test_super_admin_usage_is_unlimited" time="0.034" /><testcase classname="backend.tests.test_subscription_admin.TestUserPreferences" name="test_get_user_preferences" time="0.035" /><testcase classname="backend.tests.test_subscription_admin.TestUserPreferences" name="test_update_user_preferences" time="0.097" /><testcase classname="backend.tests.test_subscription_admin.TestUserPreferences" name="test_get_updated_preferences_verify_persistence" time="0.162" /><testcase classname="backend.tests.test_subscription_admin.TestAdminStats" name="test_admin_stats_for_super_admin" time="0.050" /><testcase classname="backend.tests.test_subscription_admin.TestAdminStats" name="test_admin_stats_forbidden_for_regular_user" time="0.075" /><testcase classname="backend.tests.test_subscription_admin.TestAdminUsers" name="test_admin_users_for_super_admin" time="0.041" /><testcase classname="backend.tests.test_subscription_admin.TestAdminUsers" name="test_admin_users_forbidden_for_regular_user" time="0.048" /><testcase classname="backend.tests.test_subscription_admin.TestAdminUsers" name="test_admin_users_pagination" time="0.043" /><testcase classname="backend.tests.test_subscription_admin.TestAdminAddCredits" name="test_admin_add_credits_to_user" time="0.245" /><testcase classname="backend.tests.test_subscription_admin.TestAdminAddCredits" name="test_admin_add_credits_forbidden_for_regular_user" time="0.039" /><testcase classname="backend.tests.test_subscription_admin.TestAdminAddCredits" name="test_admin_add_credits_not_found_for_invalid_user" time="0.035" /><testcase classname="backend.tests.test_subscription_admin.TestCreditsDeductionOnCodeExecution" name="test_code_execution_deducts_credits" time="0.263" /><testcase classname="backend.tests.test_subscription_admin.TestUsageLogging" name="test_usage_history_endpoint" time="0.044" /><testcase classname="backend.tests.test_subscription_admin.TestUsageLogging" name="test_usage_history_with_action_filter" time="0.076" /><testcase classname="backend.tests.test_subscription_admin.TestAdminUsage" name="test_admin_usage_for_super_admin" time="0.039" /><testcase classname="backend.tests.test_subscription_admin.TestAdminUsage" name="test_admin_usage_forbidden_for_regular_user" time="0.038" /></testsuite></testsuites>