<?xml version="1.0" encoding="utf-8"?><testsuites name="pytest tests"><testsuite name="pytest" errors="0" failures="0" skipped="0" tests="15" time="14.385" timestamp="2026-03-06T15:57:54.890502+00:00" hostname="agent-env-687f2915-8799-4622-ba3d-81e326b2a189"><testcase classname="backend.tests.test_atom_api.TestHealthAndAgents" name="test_api_health" time="0.284" /><testcase classname="backend.tests.test_atom_api.TestHealthAndAgents" name="test_health_endpoint" time="0.044" /><testcase classname="backend.tests.test_atom_api.TestHealthAndAgents" name="test_agents_endpoint" time="0.145" /><testcase classname="backend.tests.test_atom_api.TestSuperAdminAuth" name="test_super_admin_login" time="0.302" /><testcase classname="backend.tests.test_atom_api.TestSuperAdminAuth" name="test_super_admin_credits_endpoint" time="0.346" /><testcase classname="backend.tests.test_atom_api.TestSuperAdminAuth" name="test_super_admin_me_endpoint" time="0.045" /><testcase classname="backend.tests.test_atom_api.TestRegularUserAuth" name="test_regular_user_login" time="0.376" /><testcase classname="backend.tests.test_atom_api.TestRegularUserAuth" name="test_regular_user_credits_endpoint" time="0.348" /><testcase classname="backend.tests.test_atom_api.TestRegularUserAuth" name="test_regular_user_me_endpoint" time="0.037" /><testcase classname="backend.tests.test_atom_api.TestChatWithAgentParams" name="test_chat_accepts_agent_param" time="4.872" /><testcase classname="backend.tests.test_atom_api.TestChatWithAgentParams" name="test_chat_accepts_forge_agent" time="3.330" /><testcase classname="backend.tests.test_atom_api.TestChatWithAgentParams" name="test_chat_accepts_ultra_thinking" time="1.276" /><testcase classname="backend.tests.test_atom_api.TestChatWithAgentParams" name="test_chat_accepts_mobile_mode" time="2.739" /><testcase classname="backend.tests.test_atom_api.TestCreditsDeduction" name="test_regular_user_has_credits" time="0.038" /><testcase classname="backend.tests.test_atom_api.TestCreditsDeduction" name="test_super_admin_has_unlimited" time="0.035" /></testsuite></testsuites>